TN:
SF:script/DeployAlignedGrants.s.sol
FN:37,DeployAlignedGrants.run
FNDA:0,DeployAlignedGrants.run
DA:38,0
DA:39,0
DA:42,0
DA:43,0
DA:44,0
DA:47,0
DA:48,0
DA:51,0
DA:52,0
DA:53,0
FN:56,DeployAlignedGrants.initiateConstitution
FNDA:0,DeployAlignedGrants.initiateConstitution
DA:57,0
DA:58,0
DA:64,0
DA:65,0
DA:74,0
DA:75,0
DA:77,0
DA:78,0
DA:85,0
DA:86,0
DA:88,0
DA:89,0
DA:101,0
DA:102,0
DA:105,0
DA:106,0
DA:107,0
DA:109,0
DA:110,0
DA:119,0
DA:120,0
DA:127,0
DA:128,0
DA:129,0
DA:130,0
DA:132,0
DA:133,0
DA:135,0
DA:136,0
DA:145,0
DA:146,0
DA:149,0
DA:150,0
DA:151,0
DA:152,0
DA:153,0
DA:155,0
DA:156,0
DA:167,0
DA:168,0
DA:171,0
DA:172,0
DA:173,0
DA:174,0
DA:176,0
DA:177,0
DA:186,0
DA:187,0
DA:190,0
DA:191,0
DA:193,0
DA:195,0
DA:196,0
DA:205,0
DA:206,0
DA:210,0
DA:211,0
DA:212,0
DA:213,0
DA:214,0
DA:216,0
DA:217,0
DA:226,0
DA:227,0
DA:229,0
DA:230,0
DA:231,0
DA:243,0
DA:244,0
DA:250,0
DA:251,0
DA:252,0
DA:253,0
DA:255,0
DA:257,0
DA:258,0
DA:267,0
DA:268,0
DA:271,0
DA:272,0
DA:273,0
DA:274,0
DA:275,0
DA:277,0
DA:278,0
DA:287,0
DA:288,0
DA:290,0
DA:291,0
DA:293,0
DA:294,0
DA:305,0
DA:306,0
FN:310,DeployAlignedGrants.getFounders
FNDA:0,DeployAlignedGrants.getFounders
DA:311,0
DA:313,0
DA:314,0
DA:315,0
DA:316,0
DA:317,0
DA:318,0
DA:320,0
DA:321,0
DA:322,0
DA:323,0
DA:324,0
DA:325,0
DA:326,0
DA:327,0
DA:328,0
DA:329,0
DA:331,0
DA:332,0
DA:333,0
DA:334,0
DA:335,0
DA:336,0
DA:338,0
DA:339,0
DA:340,0
DA:341,0
FNF:3
FNH:0
LF:130
LH:0
BRF:0
BRH:0
end_of_record
TN:
SF:script/DeployMocks.s.sol
FN:11,DeployMocks.run
FNDA:0,DeployMocks.run
DA:18,0
DA:19,0
DA:20,0
DA:21,0
DA:23,0
FNF:1
FNH:0
LF:5
LH:0
BRF:0
BRH:0
end_of_record
TN:
SF:script/HelperConfig.s.sol
FN:26,HelperConfig.
FNDA:0,HelperConfig.
DA:27,0
DA:28,0
DA:29,0
DA:30,0
FN:33,HelperConfig.getConfig
FNDA:0,HelperConfig.getConfig
DA:34,0
FN:37,HelperConfig.getConfigByChainId
FNDA:0,HelperConfig.getConfigByChainId
DA:38,0
BRDA:38,0,0,-
BRDA:38,0,1,-
DA:39,0
DA:40,0
BRDA:40,1,0,-
BRDA:40,1,1,-
DA:41,0
DA:43,0
FN:47,HelperConfig.getArbSepoliaConfig
FNDA:0,HelperConfig.getArbSepoliaConfig
DA:48,0
FN:55,HelperConfig.getEthSepoliaConfig
FNDA:0,HelperConfig.getEthSepoliaConfig
DA:56,0
FN:63,HelperConfig.getOptSepoliaConfig
FNDA:0,HelperConfig.getOptSepoliaConfig
DA:64,0
FN:71,HelperConfig.getBaseSepoliaConfig
FNDA:0,HelperConfig.getBaseSepoliaConfig
DA:72,0
FN:79,HelperConfig.getOrCreateAnvilEthConfig
FNDA:0,HelperConfig.getOrCreateAnvilEthConfig
DA:81,0
BRDA:81,2,0,-
DA:82,0
DA:85,0
DA:86,0
DA:87,0
DA:88,0
DA:90,0
DA:95,0
FNF:8
FNH:0
LF:22
LH:0
BRF:5
BRH:0
end_of_record
TN:
SF:src/Law.sol
FN:56,Law.onlySeparatedPowers
FNDA:98,Law.onlySeparatedPowers
DA:57,98
BRDA:57,0,0,1
DA:58,1
FN:67,Law.
FNDA:596,Law.
DA:74,596
DA:75,596
DA:76,596
DA:77,596
DA:78,596
DA:80,596
FN:84,Law.executeLaw
FNDA:98,Law.executeLaw
DA:90,97
FN:98,Law._executeChecks
FNDA:97,Law._executeChecks
DA:101,97
BRDA:101,1,0,9
DA:102,9
DA:103,9
BRDA:103,2,0,3
DA:104,3
DA:109,93
BRDA:109,3,0,2
DA:110,2
DA:111,2
BRDA:111,4,0,1
DA:112,1
DA:118,92
BRDA:118,5,0,2
DA:119,2
DA:120,2
BRDA:120,6,0,1
DA:121,1
DA:126,91
BRDA:126,7,0,2
DA:127,2
DA:128,2
DA:129,2
DA:131,2
BRDA:131,8,0,1
DA:132,1
DA:137,90
BRDA:137,9,0,7
DA:138,7
DA:139,7
BRDA:139,10,0,1
DA:140,1
DA:142,6
FN:151,Law.supportsInterface
FNDA:1767,Law.supportsInterface
DA:152,1767
FN:156,Law._hashProposal
FNDA:15,Law._hashProposal
DA:161,15
FN:165,Law.dataType
FNDA:526,Law.dataType
DA:170,526
FNF:7
FNH:7
LF:35
LH:35
BRF:11
BRH:11
end_of_record
TN:
SF:src/SeparatedPowers.sol
FN:60,SeparatedPowers.onlySeparatedPowers
FNDA:5,SeparatedPowers.onlySeparatedPowers
DA:61,5
BRDA:61,0,0,1
DA:62,1
FN:73,SeparatedPowers.
FNDA:95,SeparatedPowers.
DA:74,95
DA:75,95
DA:77,95
DA:78,95
DA:80,95
FN:95,SeparatedPowers.propose
FNDA:34,SeparatedPowers.propose
DA:101,34
BRDA:101,1,0,1
DA:102,1
DA:105,33
DA:106,33
BRDA:106,2,0,1
DA:107,1
DA:110,32
FN:118,SeparatedPowers._propose
FNDA:32,SeparatedPowers._propose
DA:123,32
DA:124,32
DA:127,32
BRDA:127,3,0,1
DA:128,1
DA:131,31
BRDA:131,4,0,1
DA:132,1
DA:136,30
DA:137,30
DA:138,30
DA:139,30
DA:140,30
DA:141,30
DA:143,30
FN:149,SeparatedPowers.cancel
FNDA:6,SeparatedPowers.cancel
DA:154,6
DA:156,6
BRDA:156,5,0,1
DA:157,1
DA:160,5
FN:168,SeparatedPowers._cancel
FNDA:5,SeparatedPowers._cancel
DA:173,5
DA:175,5
BRDA:175,6,0,1
DA:176,1
DA:179,4
DA:180,4
DA:182,4
FN:186,SeparatedPowers.castVote
FNDA:88,SeparatedPowers.castVote
DA:187,88
DA:188,88
FN:192,SeparatedPowers.castVoteWithReason
FNDA:3,SeparatedPowers.castVoteWithReason
DA:193,3
DA:194,3
FN:201,SeparatedPowers._castVote
FNDA:91,SeparatedPowers._castVote
DA:203,91
BRDA:203,7,0,1
DA:204,1
DA:207,90
DA:208,90
DA:209,90
BRDA:209,8,0,1
DA:210,1
DA:213,89
DA:215,87
FN:219,SeparatedPowers.execute
FNDA:31,SeparatedPowers.execute
DA:220,31
DA:221,31
DA:223,31
DA:224,31
BRDA:224,9,0,1
DA:225,1
DA:228,30
BRDA:228,10,0,1
DA:229,1
DA:232,29
BRDA:232,11,0,1
DA:233,1
DA:237,28
BRDA:237,12,0,1
DA:238,1
DA:242,27
DA:243,27
DA:245,19
BRDA:245,13,0,1
DA:246,1
DA:250,18
DA:251,18
DA:252,18
DA:255,18
BRDA:255,14,0,1
DA:256,1
DA:260,17
FN:268,SeparatedPowers._executeOperations
FNDA:17,SeparatedPowers._executeOperations
DA:272,17
BRDA:272,15,0,1
DA:273,1
DA:275,16
DA:276,16
DA:277,16
DA:279,16
FN:286,SeparatedPowers.constitute
FNDA:94,SeparatedPowers.constitute
DA:294,94
BRDA:294,16,0,1
DA:295,1
DA:299,1
BRDA:299,17,0,1
DA:300,1
DA:304,92
DA:307,92
DA:308,587
DA:311,92
DA:312,1170
FN:317,SeparatedPowers.adoptLaw
FNDA:5,SeparatedPowers.adoptLaw
DA:318,1
BRDA:318,18,0,1
DA:319,1
DA:322,3
FN:326,SeparatedPowers.revokeLaw
FNDA:3,SeparatedPowers.revokeLaw
DA:327,3
BRDA:327,19,0,1
DA:328,1
DA:331,2
DA:332,2
FN:340,SeparatedPowers._setLaw
FNDA:590,SeparatedPowers._setLaw
DA:342,590
BRDA:342,20,0,1
DA:343,1
DA:346,589
DA:348,589
FN:352,SeparatedPowers.assignRole
FNDA:9,SeparatedPowers.assignRole
DA:353,8
FN:357,SeparatedPowers.revokeRole
FNDA:1,SeparatedPowers.revokeRole
DA:358,1
FN:364,SeparatedPowers._setRole
FNDA:1274,SeparatedPowers._setRole
DA:365,1274
DA:367,1274
BRDA:367,21,0,1272
BRDA:367,21,1,1
DA:368,1272
DA:369,1272
DA:370,2
BRDA:370,22,0,1
BRDA:370,22,1,1
DA:371,1
DA:372,1
DA:374,1
DA:376,1273
FN:387,SeparatedPowers._quorumReached
FNDA:17,SeparatedPowers._quorumReached
DA:388,17
DA:390,17
DA:391,17
DA:392,17
DA:394,17
FN:404,SeparatedPowers._voteSucceeded
FNDA:12,SeparatedPowers._voteSucceeded
DA:405,12
DA:406,12
DA:407,12
DA:408,12
DA:411,12
FN:418,SeparatedPowers._countVote
FNDA:89,SeparatedPowers._countVote
DA:419,89
DA:421,1
BRDA:421,23,0,1
DA:422,1
DA:424,88
DA:426,88
BRDA:426,24,0,33
BRDA:426,24,1,1
DA:427,33
DA:428,55
BRDA:428,25,0,50
BRDA:428,25,1,1
DA:429,50
DA:430,5
BRDA:430,26,0,4
BRDA:430,26,1,1
DA:431,4
DA:433,1
FN:438,SeparatedPowers.hashProposal
FNDA:0,SeparatedPowers.hashProposal
DA:444,74
FN:451,SeparatedPowers.state
FNDA:117,SeparatedPowers.state
DA:453,117
DA:454,117
DA:455,117
DA:457,5
BRDA:457,27,0,5
DA:458,5
DA:460,2
BRDA:460,28,0,2
DA:461,2
DA:464,110
DA:466,110
BRDA:466,29,0,1
DA:467,1
DA:470,109
DA:471,109
DA:473,109
BRDA:473,30,0,92
BRDA:473,30,1,7
DA:474,92
DA:475,17
BRDA:475,31,0,10
BRDA:475,31,1,7
DA:476,10
DA:478,7
FN:483,SeparatedPowers.version
FNDA:96,SeparatedPowers.version
DA:484,96
FN:491,SeparatedPowers.canCallLaw
FNDA:6,SeparatedPowers.canCallLaw
DA:492,6
DA:493,6
DA:495,6
FN:499,SeparatedPowers.hasRoleSince
FNDA:146,SeparatedPowers.hasRoleSince
DA:500,152
FN:504,SeparatedPowers.hasVoted
FNDA:1,SeparatedPowers.hasVoted
DA:505,1
FN:509,SeparatedPowers.getProposalVotes
FNDA:4,SeparatedPowers.getProposalVotes
DA:515,4
DA:516,4
FN:520,SeparatedPowers.getAmountRoleHolders
FNDA:4,SeparatedPowers.getAmountRoleHolders
DA:521,4
FN:525,SeparatedPowers.proposalDeadline
FNDA:2,SeparatedPowers.proposalDeadline
DA:527,111
FN:531,SeparatedPowers.getActiveLaw
FNDA:2,SeparatedPowers.getActiveLaw
DA:532,2
FN:539,SeparatedPowers.onERC721Received
FNDA:0,SeparatedPowers.onERC721Received
DA:540,0
FN:544,SeparatedPowers.onERC1155Received
FNDA:13,SeparatedPowers.onERC1155Received
DA:545,13
FN:549,SeparatedPowers.onERC1155BatchReceived
FNDA:0,SeparatedPowers.onERC1155BatchReceived
DA:554,0
FNF:34
FNH:31
LF:159
LH:157
BRF:39
BRH:39
end_of_record
TN:
SF:src/implementations/daos/AlignedGrants.sol
FN:35,AlignedGrants.
FNDA:0,AlignedGrants.
DA:39,0
FN:43,AlignedGrants.addCoreValue
FNDA:0,AlignedGrants.addCoreValue
DA:44,0
DA:46,0
FN:49,AlignedGrants.removeCoreValue
FNDA:0,AlignedGrants.removeCoreValue
DA:50,0
DA:51,0
DA:53,0
FN:56,AlignedGrants.setBlacklistAccount
FNDA:0,AlignedGrants.setBlacklistAccount
DA:57,0
DA:59,0
FN:63,AlignedGrants.getCoreValues
FNDA:0,AlignedGrants.getCoreValues
DA:64,0
DA:65,0
DA:66,0
DA:68,0
FNF:5
FNH:0
LF:12
LH:0
BRF:0
BRH:0
end_of_record
TN:
SF:src/implementations/laws/bespoke/ReinstateRole.sol
FN:21,ReinstateRole.
FNDA:0,ReinstateRole.
DA:31,0
DA:32,0
FN:35,ReinstateRole.executeLaw
FNDA:0,ReinstateRole.executeLaw
DA:40,0
DA:43,0
DA:46,0
DA:47,0
DA:48,0
DA:51,0
DA:52,0
DA:54,0
DA:55,0
DA:56,0
FNF:2
FNH:0
LF:12
LH:0
BRF:0
BRH:0
end_of_record
TN:
SF:src/implementations/laws/bespoke/RequestPayment.sol
FN:36,RequestPayment.
FNDA:0,RequestPayment.
DA:47,0
DA:49,0
DA:50,0
DA:51,0
DA:52,0
FN:59,RequestPayment.executeLaw
FNDA:0,RequestPayment.executeLaw
DA:66,0
DA:69,0
BRDA:69,0,0,-
DA:70,0
DA:74,0
DA:76,0
DA:77,0
DA:78,0
DA:80,0
DA:81,0
FNF:2
FNH:0
LF:14
LH:0
BRF:1
BRH:0
end_of_record
TN:
SF:src/implementations/laws/bespoke/RevokeRole.sol
FN:16,RevokeRole.
FNDA:0,RevokeRole.
DA:24,0
DA:25,0
FN:28,RevokeRole.executeLaw
FNDA:0,RevokeRole.executeLaw
DA:34,0
DA:37,0
DA:39,0
DA:40,0
DA:41,0
DA:44,0
DA:45,0
DA:47,0
DA:48,0
DA:49,0
FNF:2
FNH:0
LF:12
LH:0
BRF:0
BRH:0
end_of_record
TN:
SF:src/implementations/laws/electoral/DelegateSelect.sol
FN:49,DelegateSelect.
FNDA:20,DelegateSelect.
DA:60,20
DA:61,20
DA:62,20
DA:63,20
DA:64,20
FN:67,DelegateSelect.executeLaw
FNDA:4,DelegateSelect.executeLaw
DA:73,4
DA:76,4
DA:77,4
DA:78,4
DA:79,4
DA:84,4
DA:85,4
DA:86,4
DA:88,4
DA:89,4
DA:91,4
DA:93,4
DA:94,3
DA:95,3
DA:96,3
DA:97,3
DA:100,4
DA:102,4
BRDA:102,0,0,1
BRDA:102,0,1,9
DA:103,1
DA:104,1
DA:105,1
DA:106,1
DA:107,1
DA:111,3
DA:113,3
DA:114,3
DA:115,3
DA:116,20
DA:117,20
DA:124,3
DA:125,3
DA:126,3
DA:127,20
DA:129,20
DA:130,144
BRDA:130,1,0,-
DA:131,0
DA:132,0
BRDA:132,2,0,-
DA:135,20
DA:137,20
BRDA:137,3,0,9
DA:138,9
DA:139,9
DA:140,9
DA:141,9
DA:142,9
DA:143,9
DA:144,9
FNF:2
FNH:2
LF:51
LH:49
BRF:5
BRH:3
end_of_record
TN:
SF:src/implementations/laws/electoral/DirectSelect.sol
FN:33,DirectSelect.
FNDA:75,DirectSelect.
DA:41,75
DA:42,75
FN:45,DirectSelect.executeLaw
FNDA:8,DirectSelect.executeLaw
DA:51,8
DA:54,8
DA:57,8
DA:58,8
DA:59,8
DA:61,8
DA:62,2
BRDA:62,0,0,2
BRDA:62,0,1,5
DA:63,2
BRDA:63,1,0,1
DA:64,1
DA:66,1
DA:68,6
BRDA:68,2,0,1
DA:69,1
DA:71,5
FNF:2
FNH:2
LF:15
LH:15
BRF:4
BRH:4
end_of_record
TN:
SF:src/implementations/laws/electoral/NominateMe.sol
FN:35,NominateMe.
FNDA:75,NominateMe.
DA:42,75
FN:45,NominateMe.executeLaw
FNDA:53,NominateMe.executeLaw
DA:51,53
DA:54,53
DA:57,51
BRDA:57,0,0,51
DA:58,51
BRDA:58,1,0,1
DA:59,1
DA:61,50
DA:62,50
DA:63,50
DA:65,50
DA:69,52
BRDA:69,2,0,2
DA:70,2
BRDA:70,3,0,1
DA:71,1
DA:74,1
DA:75,1
DA:76,1
BRDA:76,4,0,1
DA:77,1
DA:78,1
DA:79,1
DA:80,1
DA:83,1
FNF:2
FNH:2
LF:21
LH:21
BRF:5
BRH:5
end_of_record
TN:
SF:src/implementations/laws/electoral/RandomlySelect.sol
FN:48,RandomlySelect.
FNDA:20,RandomlySelect.
DA:58,20
DA:59,20
DA:60,20
DA:61,20
FN:64,RandomlySelect.executeLaw
FNDA:4,RandomlySelect.executeLaw
DA:70,4
DA:73,4
DA:74,4
DA:75,4
DA:80,4
DA:81,4
DA:82,4
DA:83,4
DA:86,4
DA:87,3
DA:88,3
DA:89,3
DA:90,3
DA:94,4
BRDA:94,0,0,1
BRDA:94,0,1,9
DA:95,1
DA:96,1
DA:97,1
DA:98,1
DA:99,1
DA:102,3
DA:104,3
DA:105,3
DA:106,24
DA:108,3
DA:109,9
DA:110,9
DA:112,9
DA:113,9
DA:114,9
DA:116,9
FNF:2
FNH:2
LF:34
LH:34
BRF:2
BRH:2
end_of_record
TN:
SF:src/implementations/laws/electoral/TokensSelect.sol
FN:49,TokensSelect.
FNDA:75,TokensSelect.
DA:60,75
DA:61,75
DA:62,75
DA:63,75
DA:64,75
FN:67,TokensSelect.executeLaw
FNDA:4,TokensSelect.executeLaw
DA:74,4
DA:77,4
DA:78,4
DA:79,4
DA:84,4
DA:85,4
DA:86,4
DA:87,4
DA:90,4
DA:91,3
DA:92,3
DA:93,3
DA:94,3
DA:98,4
BRDA:98,0,0,1
BRDA:98,0,1,9
DA:99,1
DA:100,1
DA:101,1
DA:102,1
DA:103,1
DA:107,3
DA:108,3
DA:109,24
DA:111,3
DA:116,3
DA:117,3
DA:118,24
DA:120,24
DA:121,192
BRDA:121,1,0,-
DA:122,0
DA:123,0
BRDA:123,2,0,-
DA:127,24
BRDA:127,3,0,9
DA:128,9
DA:129,9
DA:130,9
DA:131,9
FNF:2
FNH:2
LF:40
LH:38
BRF:5
BRH:3
end_of_record
TN:
SF:src/implementations/laws/executive/BespokeAction.sol
FN:28,BespokeAction.
FNDA:20,BespokeAction.
DA:38,20
DA:39,20
DA:40,20
FN:45,BespokeAction.executeLaw
FNDA:1,BespokeAction.executeLaw
DA:52,1
DA:54,1
DA:55,1
DA:56,1
DA:59,1
DA:60,1
FNF:2
FNH:2
LF:9
LH:9
BRF:0
BRH:0
end_of_record
TN:
SF:src/implementations/laws/executive/OpenAction.sol
FN:26,OpenAction.
FNDA:82,OpenAction.
DA:33,82
FN:38,OpenAction.executeLaw
FNDA:3,OpenAction.executeLaw
DA:44,3
DA:48,1
FNF:2
FNH:2
LF:3
LH:3
BRF:0
BRH:0
end_of_record
TN:
SF:src/implementations/laws/executive/PresetAction.sol
FN:29,PresetAction.
FNDA:130,PresetAction.
DA:39,130
DA:40,130
DA:41,130
DA:42,130
FN:47,PresetAction.executeLaw
FNDA:18,PresetAction.executeLaw
DA:55,18
DA:58,18
DA:62,12
BRDA:62,0,0,12
DA:64,12
FNF:2
FNH:2
LF:8
LH:8
BRF:1
BRH:1
end_of_record
TN:
SF:src/implementations/laws/executive/ProposalOnly.sol
FN:27,ProposalOnly.
FNDA:95,ProposalOnly.
DA:37,95
FN:41,ProposalOnly.executeLaw
FNDA:1,ProposalOnly.executeLaw
DA:49,1
DA:52,1
DA:53,1
DA:54,1
DA:56,1
FNF:2
FNH:2
LF:6
LH:6
BRF:0
BRH:0
end_of_record
TN:
SF:test/ConstitutionsMock.t.sol
FN:35,ConstitutionsMock.initiateSeparatedPowersConstitution
FNDA:55,ConstitutionsMock.initiateSeparatedPowersConstitution
DA:39,55
DA:40,55
DA:41,55
DA:43,55
DA:44,55
DA:45,55
DA:46,55
DA:47,55
DA:48,55
DA:50,55
DA:58,55
DA:60,55
DA:67,55
DA:69,55
DA:81,55
DA:85,55
DA:86,55
DA:95,55
DA:98,55
DA:99,55
DA:100,55
DA:101,55
DA:103,55
DA:111,55
DA:114,55
DA:115,55
DA:116,55
DA:117,55
DA:119,55
DA:130,55
FN:136,ConstitutionsMock.initiateBasic
FNDA:0,ConstitutionsMock.initiateBasic
DA:140,0
DA:142,0
DA:143,0
DA:144,0
DA:152,0
FN:158,ConstitutionsMock.initiateLawTestConstitution
FNDA:15,ConstitutionsMock.initiateLawTestConstitution
DA:162,15
DA:163,15
DA:166,15
DA:167,15
DA:168,15
DA:169,15
DA:170,15
DA:171,15
DA:174,15
DA:175,15
DA:176,15
DA:177,15
DA:179,15
DA:190,15
DA:193,15
DA:194,15
DA:196,15
DA:207,15
DA:210,15
DA:211,15
DA:213,15
DA:224,15
DA:227,15
DA:228,15
DA:229,15
DA:230,15
DA:231,15
DA:233,15
DA:244,15
DA:247,15
DA:248,15
DA:250,15
DA:261,15
FN:267,ConstitutionsMock.initiateLawsTestConstitution
FNDA:20,ConstitutionsMock.initiateLawsTestConstitution
DA:271,20
DA:272,20
DA:273,20
DA:276,20
DA:277,20
DA:278,20
DA:279,20
DA:280,20
DA:281,20
DA:284,20
DA:287,20
DA:288,20
DA:289,20
DA:290,20
DA:292,20
DA:301,20
DA:303,20
DA:304,20
DA:312,20
DA:315,20
DA:316,20
DA:318,20
DA:319,20
DA:330,20
DA:332,20
DA:333,20
DA:341,20
DA:344,20
DA:345,20
DA:354,20
DA:356,20
DA:357,20
DA:368,20
DA:370,20
DA:371,20
DA:383,20
DA:385,20
DA:386,20
DA:398,20
DA:400,20
DA:401,20
DA:410,20
FN:418,ConstitutionsMock.initiateBespokeLawsTestConstitution
FNDA:0,ConstitutionsMock.initiateBespokeLawsTestConstitution
DA:422,0
DA:423,0
DA:424,0
DA:427,0
DA:428,0
DA:429,0
DA:430,0
DA:431,0
DA:432,0
DA:435,0
DA:436,0
DA:437,0
DA:439,0
DA:448,0
DA:450,0
DA:451,0
DA:460,0
DA:462,0
DA:463,0
DA:475,0
FNF:5
FNH:3
LF:130
LH:105
BRF:0
BRH:0
end_of_record
TN:
SF:test/FoundersMock.t.sol
FN:33,FoundersMock.getFounders
FNDA:90,FoundersMock.getFounders
DA:37,90
DA:39,90
DA:40,90
DA:42,90
DA:43,90
DA:44,90
DA:45,90
DA:46,90
DA:47,90
DA:48,90
DA:49,90
DA:51,90
DA:52,90
DA:53,90
DA:54,90
DA:55,90
DA:56,90
DA:57,90
DA:58,90
DA:59,90
DA:60,90
DA:61,90
DA:62,90
DA:63,90
DA:64,90
DA:65,90
DA:66,90
DA:68,90
DA:69,90
DA:70,90
DA:71,90
DA:72,90
DA:73,90
DA:75,90
DA:76,90
DA:77,90
DA:78,90
FNF:1
FNH:1
LF:37
LH:37
BRF:0
BRH:0
end_of_record
TN:
SF:test/TestSetup.t.sol
FN:74,TestHelpers.hashProposal
FNDA:0,TestHelpers.hashProposal
DA:80,2
FN:85,BaseSetup.setUp
FNDA:90,BaseSetup.setUp
DA:86,90
DA:87,90
FN:90,BaseSetup.setUpVariables
FNDA:90,BaseSetup.setUpVariables
DA:92,90
DA:93,90
DA:94,90
DA:97,90
DA:98,90
DA:99,90
DA:100,90
DA:101,90
DA:104,90
DA:105,90
DA:106,90
DA:107,90
DA:108,90
DA:109,90
DA:110,90
DA:111,90
DA:114,90
DA:115,90
DA:116,90
DA:117,90
DA:118,90
DA:119,90
DA:120,90
DA:121,90
DA:123,90
DA:126,90
DA:127,90
DA:128,90
DA:129,90
DA:130,90
DA:131,90
FN:136,TestSetupSeparatedPowers.setUpVariables
FNDA:0,TestSetupSeparatedPowers.setUpVariables
DA:137,55
DA:140,55
DA:141,55
DA:143,55
DA:146,55
DA:147,55
DA:148,55
FN:153,TestSetupLaw.setUpVariables
FNDA:0,TestSetupLaw.setUpVariables
DA:154,15
DA:157,15
DA:158,15
DA:159,15
DA:162,15
DA:163,15
FN:168,TestSetupLaws.setUpVariables
FNDA:0,TestSetupLaws.setUpVariables
DA:169,20
DA:172,20
DA:177,20
DA:178,20
DA:181,20
DA:182,20
FN:187,TestSetupBespokeLaws.setUpVariables
FNDA:0,TestSetupBespokeLaws.setUpVariables
DA:188,0
DA:191,0
DA:196,0
DA:197,0
DA:200,0
DA:201,0
FNF:7
FNH:2
LF:59
LH:53
BRF:0
BRH:0
end_of_record
TN:
SF:test/integration-daos/AlignedGrants.t.sol
FN:23,TestSetupAlignedGrants.setUp
FNDA:0,TestSetupAlignedGrants.setUp
DA:25,0
DA:26,0
FN:30,TestSetupAlignedGrants.setUpVariables
FNDA:0,TestSetupAlignedGrants.setUpVariables
FNF:2
FNH:0
LF:2
LH:0
BRF:0
BRH:0
end_of_record
TN:
SF:test/mocks/DaoMock.sol
FN:16,DaoMock.
FNDA:95,DaoMock.
FNF:1
FNH:1
LF:0
LH:0
BRF:0
BRH:0
end_of_record
TN:
SF:test/mocks/Erc1155Mock.sol
FN:18,Erc1155Mock.
FNDA:94,Erc1155Mock.
FN:21,Erc1155Mock.mintCoins
FNDA:16,Erc1155Mock.mintCoins
DA:22,16
BRDA:22,0,0,1
DA:23,1
DA:25,15
BRDA:25,1,0,1
DA:26,1
DA:29,14
FNF:2
FNH:2
LF:5
LH:5
BRF:2
BRH:2
end_of_record
TN:
SF:test/mocks/Erc20VotesMock.sol
FN:14,Erc20VotesMock.
FNDA:94,Erc20VotesMock.
FN:17,Erc20VotesMock.mintVotes
FNDA:3,Erc20VotesMock.mintVotes
DA:18,3
BRDA:18,0,0,1
DA:19,1
DA:21,2
BRDA:21,1,0,1
DA:22,1
DA:24,1
FNF:2
FNH:2
LF:5
LH:5
BRF:2
BRH:2
end_of_record
TN:
SF:test/mocks/Erc721Mock.sol
FN:12,Erc721Mock.
FNDA:92,Erc721Mock.
FN:15,Erc721Mock.mintNFT
FNDA:2,Erc721Mock.mintNFT
DA:16,2
FNF:2
FNH:2
LF:1
LH:1
BRF:0
BRH:0
end_of_record
