TN:
SF:script/deployAlignedGrants.s.sol
FN:18,DeployAlignedGrants.run
FNDA:0,DeployAlignedGrants.run
DA:31,0
DA:32,0
DA:34,0
DA:35,0
DA:37,0
DA:40,0
DA:42,0
DA:45,0
DA:47,0
FNF:1
FNH:0
LF:9
LH:0
BRF:0
BRH:0
end_of_record
TN:
SF:src/Law.sol
FN:59,Law.needsProposalVote
FNDA:7,Law.needsProposalVote
DA:60,7
DA:61,7
BRDA:61,0,0,3
DA:62,3
FN:71,Law.needsParentCompleted
FNDA:3,Law.needsParentCompleted
DA:72,3
BRDA:72,1,0,1
DA:73,1
DA:75,2
DA:77,2
DA:79,1
BRDA:79,2,0,1
DA:80,1
FN:90,Law.parentCanBlock
FNDA:3,Law.parentCanBlock
DA:91,3
BRDA:91,3,0,1
DA:92,1
DA:94,2
DA:96,2
DA:98,1
BRDA:98,4,0,1
DA:99,1
FN:109,Law.delayProposalExecution
FNDA:3,Law.delayProposalExecution
DA:110,3
DA:111,3
DA:112,3
DA:114,3
BRDA:114,5,0,1
DA:115,1
DA:117,2
BRDA:117,6,0,1
DA:118,1
FN:127,Law.limitExecutions
FNDA:18,Law.limitExecutions
DA:128,18
DA:130,18
BRDA:130,7,0,1
DA:131,1
DA:133,17
BRDA:133,8,0,1
DA:134,1
DA:137,16
FN:145,Law.
FNDA:476,Law.
DA:146,476
DA:147,476
DA:148,476
DA:150,476
FN:154,Law.executeLaw
FNDA:1,Law.executeLaw
DA:159,1
DA:160,1
DA:161,1
DA:162,1
FN:166,Law.supportsInterface
FNDA:1416,Law.supportsInterface
DA:167,1416
FN:171,Law._hashProposal
FNDA:14,Law._hashProposal
DA:176,14
FNF:9
FNH:9
LF:38
LH:38
BRF:9
BRH:9
end_of_record
TN:
SF:src/SeparatedPowers.sol
FN:59,SeparatedPowers.onlySeparatedPowers
FNDA:2,SeparatedPowers.onlySeparatedPowers
DA:60,2
BRDA:60,0,0,-
DA:61,0
FN:72,SeparatedPowers.
FNDA:84,SeparatedPowers.
DA:73,84
DA:74,84
DA:76,84
DA:77,84
DA:79,84
FN:94,SeparatedPowers.propose
FNDA:32,SeparatedPowers.propose
DA:100,32
DA:101,32
BRDA:101,1,0,1
DA:102,1
DA:105,31
BRDA:105,2,0,1
DA:106,1
DA:109,30
BRDA:109,3,0,1
DA:110,1
DA:114,29
FN:122,SeparatedPowers._propose
FNDA:29,SeparatedPowers._propose
DA:127,29
DA:128,29
BRDA:128,4,0,-
DA:129,0
DA:132,29
DA:133,29
DA:134,29
DA:135,29
DA:136,29
DA:137,29
DA:139,29
FN:145,SeparatedPowers.cancel
FNDA:6,SeparatedPowers.cancel
DA:150,6
DA:152,6
BRDA:152,5,0,1
DA:153,1
DA:156,5
FN:164,SeparatedPowers._cancel
FNDA:5,SeparatedPowers._cancel
DA:169,5
DA:171,5
BRDA:171,6,0,-
DA:172,0
DA:174,5
BRDA:174,7,0,1
DA:175,1
DA:178,4
DA:179,4
DA:181,4
FN:185,SeparatedPowers.castVote
FNDA:118,SeparatedPowers.castVote
DA:186,118
DA:187,118
FN:191,SeparatedPowers.castVoteWithReason
FNDA:8,SeparatedPowers.castVoteWithReason
DA:192,8
DA:193,8
FN:200,SeparatedPowers._castVote
FNDA:126,SeparatedPowers._castVote
DA:202,126
BRDA:202,8,0,1
DA:203,1
DA:206,125
DA:207,125
DA:208,125
BRDA:208,9,0,1
DA:209,1
DA:212,124
DA:214,122
FN:218,SeparatedPowers.execute
FNDA:42,SeparatedPowers.execute
DA:219,42
DA:221,42
DA:222,42
BRDA:222,10,0,1
DA:223,1
DA:226,41
BRDA:226,11,0,1
DA:227,1
DA:230,40
BRDA:230,12,0,1
DA:231,1
DA:235,39
BRDA:235,13,0,1
DA:236,1
DA:240,38
DA:241,38
DA:243,26
BRDA:243,14,0,-
DA:244,0
DA:248,26
DA:249,26
DA:250,26
DA:253,26
BRDA:253,15,0,-
DA:254,0
DA:258,26
FN:266,SeparatedPowers._executeOperations
FNDA:26,SeparatedPowers._executeOperations
DA:270,26
BRDA:270,16,0,-
DA:271,0
DA:273,26
DA:274,26
DA:275,26
DA:277,26
FN:284,SeparatedPowers.constitute
FNDA:83,SeparatedPowers.constitute
DA:296,83
BRDA:296,17,0,1
DA:297,1
DA:302,82
DA:303,81
DA:304,81
DA:305,1
BRDA:305,18,0,1
DA:306,1
DA:310,1
BRDA:310,19,0,1
DA:311,1
DA:315,80
DA:318,80
DA:319,466
DA:322,80
DA:323,1200
FN:328,SeparatedPowers.setLaw
FNDA:8,SeparatedPowers.setLaw
DA:332,7
FN:336,SeparatedPowers.revokeLaw
FNDA:2,SeparatedPowers.revokeLaw
DA:337,2
BRDA:337,20,0,-
DA:338,0
DA:341,2
DA:342,2
FN:354,SeparatedPowers._setLaw
FNDA:473,SeparatedPowers._setLaw
DA:359,473
BRDA:359,21,0,1
DA:360,1
DA:363,472
DA:365,472
DA:374,472
FN:378,SeparatedPowers.setRole
FNDA:10,SeparatedPowers.setRole
DA:379,9
FN:385,SeparatedPowers._setRole
FNDA:1293,SeparatedPowers._setRole
DA:386,1293
DA:388,1293
BRDA:388,22,0,1291
BRDA:388,22,1,1
DA:389,1291
DA:390,1291
DA:391,2
BRDA:391,23,0,1
BRDA:391,23,1,1
DA:392,1
DA:393,1
DA:395,1
DA:397,1292
FN:408,SeparatedPowers._quorumReached
FNDA:15,SeparatedPowers._quorumReached
DA:409,15
DA:411,15
DA:412,15
DA:413,15
DA:415,15
FN:425,SeparatedPowers._voteSucceeded
FNDA:5,SeparatedPowers._voteSucceeded
DA:426,5
DA:428,5
DA:429,5
DA:430,5
DA:431,5
DA:434,5
FN:441,SeparatedPowers._countVote
FNDA:124,SeparatedPowers._countVote
DA:442,124
DA:444,1
BRDA:444,24,0,1
DA:445,1
DA:447,123
DA:449,123
BRDA:449,25,0,48
BRDA:449,25,1,1
DA:450,48
DA:451,75
BRDA:451,26,0,65
BRDA:451,26,1,1
DA:452,65
DA:453,10
BRDA:453,27,0,9
BRDA:453,27,1,1
DA:454,9
DA:456,1
FN:461,SeparatedPowers.hashProposal
FNDA:0,SeparatedPowers.hashProposal
DA:467,82
FN:474,SeparatedPowers.state
FNDA:150,SeparatedPowers.state
DA:476,150
DA:477,150
DA:478,150
DA:480,5
BRDA:480,28,0,5
DA:481,5
DA:483,2
BRDA:483,29,0,2
DA:484,2
DA:487,143
DA:489,143
BRDA:489,30,0,1
DA:490,1
DA:493,142
DA:494,142
DA:496,142
BRDA:496,31,0,127
BRDA:496,31,1,5
DA:497,127
DA:498,15
BRDA:498,32,0,10
BRDA:498,32,1,5
DA:499,10
DA:501,5
FN:506,SeparatedPowers.version
FNDA:85,SeparatedPowers.version
DA:507,85
FN:514,SeparatedPowers.canCallLaw
FNDA:0,SeparatedPowers.canCallLaw
DA:515,0
DA:516,0
DA:518,0
FN:522,SeparatedPowers.hasRoleSince
FNDA:150,SeparatedPowers.hasRoleSince
DA:523,150
FN:527,SeparatedPowers.hasVoted
FNDA:1,SeparatedPowers.hasVoted
DA:528,1
FN:532,SeparatedPowers.getProposalVotes
FNDA:4,SeparatedPowers.getProposalVotes
DA:538,4
DA:539,4
FN:543,SeparatedPowers.getInitiatorAction
FNDA:0,SeparatedPowers.getInitiatorAction
DA:544,0
FN:548,SeparatedPowers.getAmountRoleHolders
FNDA:4,SeparatedPowers.getAmountRoleHolders
DA:549,4
FN:553,SeparatedPowers.proposalDeadline
FNDA:3,SeparatedPowers.proposalDeadline
DA:555,145
FN:559,SeparatedPowers.getActiveLaw
FNDA:6,SeparatedPowers.getActiveLaw
DA:560,6
FN:567,SeparatedPowers.onERC721Received
FNDA:0,SeparatedPowers.onERC721Received
DA:568,0
FN:572,SeparatedPowers.onERC1155Received
FNDA:22,SeparatedPowers.onERC1155Received
DA:573,22
FN:577,SeparatedPowers.onERC1155BatchReceived
FNDA:0,SeparatedPowers.onERC1155BatchReceived
DA:582,0
FNF:34
FNH:29
LF:164
LH:151
BRF:40
BRH:33
end_of_record
TN:
SF:src/implementations/daos/aligned-grants/AlignedGrants.sol
FN:23,AlignedGrants.
FNDA:0,AlignedGrants.
DA:27,0
FN:31,AlignedGrants.addCoreValue
FNDA:0,AlignedGrants.addCoreValue
DA:32,0
DA:34,0
FN:37,AlignedGrants.removeCoreValue
FNDA:0,AlignedGrants.removeCoreValue
DA:38,0
DA:39,0
DA:41,0
FN:44,AlignedGrants.setBlacklistAccount
FNDA:0,AlignedGrants.setBlacklistAccount
DA:45,0
DA:47,0
FN:51,AlignedGrants.getCoreValues
FNDA:0,AlignedGrants.getCoreValues
DA:52,0
DA:53,0
DA:54,0
DA:56,0
FNF:5
FNH:0
LF:12
LH:0
BRF:0
BRH:0
end_of_record
TN:
SF:src/implementations/daos/aligned-grants/Constitution.sol
FN:23,Constitution.initiate
FNDA:0,Constitution.initiate
DA:33,0
DA:34,0
DA:35,0
DA:36,0
DA:37,0
DA:44,0
DA:53,0
DA:57,0
DA:68,0
DA:71,0
DA:79,0
DA:80,0
DA:81,0
DA:82,0
DA:88,0
DA:93,0
DA:94,0
DA:95,0
DA:96,0
DA:99,0
DA:107,0
DA:108,0
DA:109,0
DA:110,0
DA:113,0
DA:121,0
DA:122,0
DA:123,0
DA:124,0
DA:127,0
DA:135,0
DA:138,0
DA:146,0
DA:147,0
DA:148,0
DA:149,0
DA:159,0
FNF:1
FNH:0
LF:37
LH:0
BRF:0
BRH:0
end_of_record
TN:
SF:src/implementations/daos/aligned-grants/Founders.sol
FN:15,Founders.get
FNDA:0,Founders.get
DA:19,0
DA:21,0
FN:24,Founders.getFoundersByChainId
FNDA:0,Founders.getFoundersByChainId
DA:28,0
BRDA:28,0,0,-
BRDA:28,0,1,-
DA:29,0
DA:35,0
FN:39,Founders.getFoundersLocal
FNDA:0,Founders.getFoundersLocal
DA:43,0
DA:44,0
DA:45,0
DA:46,0
DA:47,0
DA:48,0
DA:50,0
DA:51,0
DA:52,0
DA:53,0
DA:54,0
DA:55,0
DA:56,0
DA:57,0
DA:58,0
DA:59,0
DA:61,0
DA:62,0
DA:63,0
DA:64,0
DA:65,0
DA:66,0
DA:68,0
DA:69,0
DA:70,0
DA:71,0
DA:73,0
FNF:3
FNH:0
LF:32
LH:0
BRF:2
BRH:0
end_of_record
TN:
SF:src/implementations/laws/bespoke/AdoptValue.sol
FN:17,AdoptValue.
FNDA:11,AdoptValue.
DA:20,11
FN:23,AdoptValue.executeLaw
FNDA:0,AdoptValue.executeLaw
DA:34,0
DA:36,0
DA:37,0
DA:38,0
DA:40,0
DA:41,0
DA:42,0
FNF:2
FNH:1
LF:8
LH:1
BRF:0
BRH:0
end_of_record
TN:
SF:src/implementations/laws/bespoke/ChallengeRevoke.sol
FN:21,ChallengeRevoke.
FNDA:11,ChallengeRevoke.
DA:24,11
FN:27,ChallengeRevoke.executeLaw
FNDA:0,ChallengeRevoke.executeLaw
DA:34,0
DA:36,0
BRDA:36,0,0,-
DA:37,0
DA:38,0
DA:42,0
DA:43,0
FNF:2
FNH:1
LF:7
LH:1
BRF:1
BRH:0
end_of_record
TN:
SF:src/implementations/laws/bespoke/ProposalOnlyWithVote.sol
FN:24,ProposalOnlyWithVote.
FNDA:11,ProposalOnlyWithVote.
FN:30,ProposalOnlyWithVote.executeLaw
FNDA:0,ProposalOnlyWithVote.executeLaw
DA:43,0
DA:44,0
FNF:2
FNH:1
LF:2
LH:0
BRF:0
BRH:0
end_of_record
TN:
SF:src/implementations/laws/bespoke/ReinstateMember.sol
FN:22,ReinstateMember.
FNDA:11,ReinstateMember.
DA:25,11
FN:28,ReinstateMember.executeLaw
FNDA:0,ReinstateMember.executeLaw
DA:35,0
DA:37,0
DA:38,0
DA:39,0
DA:41,0
DA:42,0
BRDA:42,0,0,-
DA:43,0
DA:44,0
DA:48,0
DA:51,0
DA:52,0
DA:54,0
DA:55,0
DA:56,0
FNF:2
FNH:1
LF:15
LH:1
BRF:1
BRH:0
end_of_record
TN:
SF:src/implementations/laws/bespoke/RevokeRole.sol
FN:19,RevokeRole.
FNDA:11,RevokeRole.
DA:22,11
FN:25,RevokeRole.executeLaw
FNDA:0,RevokeRole.executeLaw
DA:32,0
DA:34,0
DA:35,0
DA:36,0
DA:39,0
DA:40,0
DA:42,0
DA:43,0
DA:44,0
FNF:2
FNH:1
LF:10
LH:1
BRF:0
BRH:0
end_of_record
TN:
SF:src/implementations/laws/bespoke/VoteOnPresetAction.sol
FN:28,VoteOnPresetAction.
FNDA:60,VoteOnPresetAction.
DA:36,60
DA:37,60
DA:38,60
FN:43,VoteOnPresetAction.executeLaw
FNDA:2,VoteOnPresetAction.executeLaw
DA:51,0
DA:54,0
BRDA:54,0,0,-
DA:55,0
DA:56,0
FNF:2
FNH:2
LF:7
LH:3
BRF:1
BRH:0
end_of_record
TN:
SF:src/implementations/laws/bespoke/VoteOnProposedAction.sol
FN:24,VoteOnProposedAction.
FNDA:60,VoteOnProposedAction.
DA:27,60
FN:32,VoteOnProposedAction.executeLaw
FNDA:0,VoteOnProposedAction.executeLaw
DA:41,0
DA:44,0
DA:45,0
FNF:2
FNH:1
LF:4
LH:1
BRF:0
BRH:0
end_of_record
TN:
SF:src/implementations/laws/electoral/DirectSelect.sol
FN:34,DirectSelect.
FNDA:60,DirectSelect.
DA:37,60
FN:40,DirectSelect.executeLaw
FNDA:8,DirectSelect.executeLaw
DA:46,8
DA:49,8
DA:50,8
DA:51,8
DA:53,2
BRDA:53,0,0,2
BRDA:53,0,1,5
DA:54,2
BRDA:54,1,0,1
DA:55,1
DA:57,1
DA:58,1
DA:59,1
DA:60,1
DA:62,6
BRDA:62,2,0,1
DA:63,1
DA:65,5
DA:66,5
DA:67,5
DA:68,5
FNF:2
FNH:2
LF:18
LH:18
BRF:4
BRH:4
end_of_record
TN:
SF:src/implementations/laws/electoral/RandomlySelect.sol
FN:51,RandomlySelect.
FNDA:11,RandomlySelect.
DA:58,11
DA:59,11
FN:62,RandomlySelect.executeLaw
FNDA:12,RandomlySelect.executeLaw
DA:68,12
DA:72,12
BRDA:72,0,0,8
DA:73,8
BRDA:73,1,0,1
DA:74,1
DA:77,7
DA:78,7
DA:80,7
DA:84,11
BRDA:84,2,0,2
DA:85,2
BRDA:85,3,0,1
DA:86,1
DA:89,1
DA:90,1
DA:91,1
BRDA:91,4,0,1
DA:92,1
DA:93,1
DA:94,1
DA:98,1
DA:103,2
BRDA:103,5,0,2
DA:105,2
DA:106,2
DA:107,2
DA:112,2
DA:113,2
DA:114,2
DA:115,2
DA:118,2
DA:119,0
DA:120,0
DA:121,0
DA:125,2
BRDA:125,6,0,2
BRDA:125,6,1,-
DA:126,2
DA:127,4
DA:129,2
DA:132,0
DA:133,0
DA:136,0
DA:137,0
DA:139,0
BRDA:139,7,0,-
DA:140,0
DA:141,0
DA:142,0
DA:143,0
DA:147,0
FNF:2
FNH:2
LF:45
LH:32
BRF:9
BRH:7
end_of_record
TN:
SF:src/implementations/laws/electoral/TokensSelect.sol
FN:49,TokensSelect.
FNDA:60,TokensSelect.
DA:57,60
DA:58,60
DA:59,60
FN:62,TokensSelect.executeLaw
FNDA:0,TokensSelect.executeLaw
DA:68,0
DA:69,0
DA:70,0
DA:74,0
BRDA:74,0,0,-
DA:75,0
BRDA:75,1,0,-
DA:76,0
DA:77,0
DA:78,0
DA:79,0
DA:80,0
DA:82,0
DA:83,0
DA:85,0
DA:89,0
BRDA:89,2,0,-
DA:90,0
DA:91,0
DA:92,0
BRDA:92,3,0,-
DA:93,0
DA:94,0
DA:95,0
DA:99,0
DA:103,0
BRDA:103,4,0,-
DA:110,0
DA:112,0
BRDA:112,5,0,-
BRDA:112,5,1,-
DA:113,0
DA:114,0
DA:115,0
DA:117,0
DA:118,0
DA:119,0
DA:120,0
DA:122,0
DA:124,0
DA:125,0
DA:127,0
DA:128,0
DA:129,0
DA:135,0
DA:136,0
DA:137,0
DA:138,0
DA:139,0
BRDA:139,6,0,-
DA:140,0
DA:141,0
BRDA:141,7,0,-
BRDA:141,7,1,-
DA:142,0
DA:144,0
DA:145,0
DA:146,0
DA:149,0
DA:151,0
DA:156,0
FNF:2
FNH:1
LF:54
LH:3
BRF:10
BRH:0
end_of_record
TN:
SF:src/implementations/laws/electoral/VoteSelect.sol
FN:29,VoteSelect.
FNDA:11,VoteSelect.
DA:32,11
FN:35,VoteSelect.executeLaw
FNDA:0,VoteSelect.executeLaw
DA:42,0
DA:45,0
DA:46,0
DA:47,0
DA:49,0
BRDA:49,0,0,-
BRDA:49,0,1,-
DA:50,0
BRDA:50,1,0,-
DA:51,0
DA:52,0
DA:54,0
DA:55,0
DA:56,0
DA:57,0
DA:59,0
BRDA:59,2,0,-
DA:60,0
DA:61,0
DA:63,0
DA:64,0
DA:65,0
DA:66,0
FNF:2
FNH:1
LF:20
LH:1
BRF:4
BRH:0
end_of_record
TN:
SF:src/implementations/laws/executive/OpenAction.sol
FN:24,OpenAction.
FNDA:16,OpenAction.
FN:30,OpenAction.executeLaw
FNDA:1,OpenAction.executeLaw
DA:37,1
FNF:2
FNH:2
LF:1
LH:1
BRF:0
BRH:0
end_of_record
TN:
SF:src/implementations/laws/executive/PresetAction.sol
FN:28,PresetAction.
FNDA:93,PresetAction.
DA:36,93
DA:37,93
DA:38,93
DA:40,93
FN:45,PresetAction.executeLaw
FNDA:22,PresetAction.executeLaw
DA:53,22
DA:57,22
BRDA:57,0,0,22
DA:59,22
FNF:2
FNH:2
LF:7
LH:7
BRF:1
BRH:1
end_of_record
TN:
SF:src/implementations/laws/executive/ProposalOnly.sol
FN:24,ProposalOnly.
FNDA:49,ProposalOnly.
FN:29,ProposalOnly.executeLaw
FNDA:0,ProposalOnly.executeLaw
DA:41,0
DA:42,0
FNF:2
FNH:1
LF:2
LH:0
BRF:0
BRH:0
end_of_record
TN:
SF:test/TestSetup.t.sol
FN:71,TestHelpers.hashProposal
FNDA:0,TestHelpers.hashProposal
DA:77,2
FN:82,TestSetupSeparatedPowers.setUp
FNDA:49,TestSetupSeparatedPowers.setUp
DA:83,49
DA:84,49
FN:88,TestSetupSeparatedPowers.setUpVariables
FNDA:0,TestSetupSeparatedPowers.setUpVariables
DA:90,49
DA:91,49
DA:92,49
DA:95,49
DA:96,49
DA:97,49
DA:98,49
DA:99,49
DA:102,49
DA:103,49
DA:104,49
DA:105,49
DA:106,49
DA:107,49
DA:108,49
DA:109,49
DA:112,49
DA:113,49
DA:114,49
DA:115,49
DA:116,49
DA:117,49
DA:118,49
DA:119,49
DA:121,49
DA:124,49
DA:125,49
DA:126,49
DA:127,49
DA:130,49
DA:133,49
DA:136,49
DA:140,49
FN:145,TestSetupLaw.setUp
FNDA:18,TestSetupLaw.setUp
DA:147,18
DA:148,18
FN:152,TestSetupLaw.setUpVariables
FNDA:0,TestSetupLaw.setUpVariables
DA:154,18
DA:155,18
DA:156,18
DA:159,18
DA:160,18
DA:161,18
DA:162,18
DA:163,18
DA:166,18
DA:167,18
DA:168,18
DA:169,18
DA:170,18
DA:171,18
DA:172,18
DA:173,18
DA:176,18
DA:177,18
DA:178,18
DA:179,18
DA:180,18
DA:181,18
DA:182,18
DA:183,18
DA:185,18
DA:188,18
DA:189,18
DA:190,18
DA:191,18
DA:194,18
DA:197,18
DA:200,18
DA:204,18
FN:210,TestSetupImplementations.setUp
FNDA:11,TestSetupImplementations.setUp
DA:212,11
DA:213,11
FN:217,TestSetupImplementations.setUpVariables
FNDA:0,TestSetupImplementations.setUpVariables
DA:219,11
DA:220,11
DA:221,11
DA:224,11
DA:225,11
DA:226,11
DA:227,11
DA:228,11
DA:231,11
DA:232,11
DA:233,11
DA:234,11
DA:235,11
DA:236,11
DA:237,11
DA:238,11
DA:241,11
DA:242,11
DA:243,11
DA:244,11
DA:245,11
DA:246,11
DA:247,11
DA:248,11
DA:250,11
DA:253,11
DA:254,11
DA:255,11
DA:256,11
DA:259,11
DA:262,11
DA:265,11
DA:269,11
FNF:7
FNH:3
LF:106
LH:106
BRF:0
BRH:0
end_of_record
TN:
SF:test/mocks/ConstitutionsMock.sol
FN:33,ConstitutionsMock.initiateFirst
FNDA:49,ConstitutionsMock.initiateFirst
DA:43,49
DA:44,49
DA:45,49
DA:46,49
DA:47,49
DA:48,49
DA:51,49
DA:52,49
DA:53,49
DA:54,49
DA:55,49
DA:56,49
DA:58,49
DA:67,49
DA:69,49
DA:80,49
DA:84,49
DA:91,49
DA:93,49
DA:101,49
DA:102,49
DA:103,49
DA:104,49
DA:106,49
DA:116,49
DA:117,49
DA:118,49
DA:119,49
DA:121,49
FN:127,ConstitutionsMock.initiateSecond
FNDA:0,ConstitutionsMock.initiateSecond
DA:137,0
DA:138,0
DA:139,0
DA:140,0
DA:141,0
DA:142,0
DA:144,0
DA:151,0
FN:157,ConstitutionsMock.initiateThird
FNDA:18,ConstitutionsMock.initiateThird
DA:167,18
DA:168,18
DA:169,18
DA:170,18
DA:171,18
DA:172,18
DA:175,18
DA:176,18
DA:177,18
DA:178,18
DA:179,18
DA:180,18
DA:182,18
DA:192,18
DA:193,18
DA:194,18
DA:195,18
DA:197,18
DA:208,18
DA:210,18
DA:221,18
DA:223,18
DA:234,18
DA:235,18
DA:236,18
DA:237,18
DA:239,18
DA:251,18
DA:256,18
FN:263,ConstitutionsMock.initiateFourth
FNDA:11,ConstitutionsMock.initiateFourth
DA:273,11
DA:274,11
DA:275,11
DA:276,11
DA:277,11
DA:278,11
DA:280,11
DA:281,11
DA:282,11
DA:283,11
DA:284,11
DA:285,11
DA:288,11
DA:295,11
DA:296,11
DA:297,11
DA:298,11
DA:300,11
DA:308,11
DA:310,11
DA:318,11
DA:320,11
DA:328,11
DA:329,11
DA:330,11
DA:331,11
DA:333,11
DA:341,11
DA:343,11
DA:353,11
DA:354,11
DA:355,11
DA:356,11
DA:358,11
DA:366,11
DA:367,11
DA:368,11
DA:369,11
DA:373,11
DA:381,11
DA:383,11
DA:392,11
DA:394,11
DA:404,11
DA:406,11
DA:414,11
DA:415,11
DA:416,11
DA:417,11
DA:421,11
DA:428,11
FNF:4
FNH:3
LF:117
LH:109
BRF:0
BRH:0
end_of_record
TN:
SF:test/mocks/DaoMock.sol
FN:16,DaoMock.
FNDA:84,DaoMock.
FNF:1
FNH:1
LF:0
LH:0
BRF:0
BRH:0
end_of_record
TN:
SF:test/mocks/Erc1155Mock.sol
FN:18,Erc1155Mock.
FNDA:78,Erc1155Mock.
FN:21,Erc1155Mock.mintCoins
FNDA:22,Erc1155Mock.mintCoins
DA:22,22
BRDA:22,0,0,-
DA:23,0
DA:25,22
BRDA:25,1,0,-
DA:26,0
DA:29,22
FNF:2
FNH:2
LF:5
LH:3
BRF:2
BRH:0
end_of_record
TN:
SF:test/mocks/FoundersMock.sol
FN:10,FoundersMock.get
FNDA:78,FoundersMock.get
DA:14,78
DA:16,78
DA:18,624
DA:19,624
DA:22,624
BRDA:22,0,0,312
DA:23,312
DA:24,312
DA:28,624
BRDA:28,1,0,234
DA:29,234
DA:30,234
DA:37,78
FNF:1
FNH:1
LF:11
LH:11
BRF:2
BRH:2
end_of_record
TN:
SF:test/mocks/LawsMock.sol
FN:13,NeedsProposalVote.
FNDA:18,NeedsProposalVote.
FN:22,NeedsProposalVote.executeLaw
FNDA:5,NeedsProposalVote.executeLaw
DA:28,3
FN:33,NeedsParentCompleted.
FNDA:19,NeedsParentCompleted.
DA:42,19
FN:45,NeedsParentCompleted.executeLaw
FNDA:3,NeedsParentCompleted.executeLaw
DA:51,1
FN:56,ParentCanBlock.
FNDA:19,ParentCanBlock.
DA:65,19
FN:68,ParentCanBlock.executeLaw
FNDA:3,ParentCanBlock.executeLaw
DA:74,1
FN:81,DelayProposalExecution.
FNDA:19,DelayProposalExecution.
DA:90,19
FN:93,DelayProposalExecution.executeLaw
FNDA:3,DelayProposalExecution.executeLaw
DA:99,1
FN:107,LimitExecutions.
FNDA:18,LimitExecutions.
DA:117,18
DA:118,18
FN:121,LimitExecutions.executeLaw
FNDA:18,LimitExecutions.executeLaw
DA:127,16
FNF:10
FNH:10
LF:10
LH:10
BRF:0
BRH:0
end_of_record
